<?xml version="1.0" encoding="utf-8" standalone="no"?>
<test-run id="2" testcasecount="52" result="Passed" total="52" passed="52" failed="0" inconclusive="0" skipped="0" asserts="108" engine-version="3.10.0.0" clr-version="4.0.30319.42000" start-time="2019-05-22 13:49:34Z" end-time="2019-05-22 13:49:46Z" duration="12.489121">
  <command-line><![CDATA[C:\Users\Administrator\Desktop\Final\FSE_SBA_ProjectManager\SourceCode\server\ProjectManager\packages\NUnit.ConsoleRunner.3.10.0\tools\nunit3-console.exe  C:\Users\Administrator\Desktop\Final\FSE_SBA_ProjectManager\SourceCode\server\ProjectManager\ProjectManager.Tests\bin\Debug\ProjectManager.Tests.dll]]></command-line>
  <test-suite type="Assembly" id="0-1055" name="ProjectManager.Tests.dll" fullname="ProjectManager.Tests.dll" runstate="Runnable" testcasecount="52" result="Passed" start-time="2019-05-22 13:49:43Z" end-time="2019-05-22 13:49:46Z" duration="3.310871" total="52" passed="52" failed="0" warnings="0" inconclusive="0" skipped="0" asserts="108">
    <environment framework-version="3.11.0.0" clr-version="4.0.30319.42000" os-version="Microsoft Windows NT 10.0.10240.0" platform="Win32NT" cwd="C:\Users\Administrator\Desktop\Final\FSE_SBA_ProjectManager\SourceCode\server\ProjectManager\packages\OpenCover.4.6.519\tools" machine-name="DOTNET" user="Administrator" user-domain="DOTNET" culture="en-US" uiculture="en-US" os-architecture="x64" />
    <settings>
      <setting name="DisposeRunners" value="True" />
      <setting name="WorkDirectory" value="C:\Users\Administrator\Desktop\Final\FSE_SBA_ProjectManager\SourceCode\server\ProjectManager\packages\OpenCover.4.6.519\tools" />
      <setting name="ImageRuntimeVersion" value="4.0.30319" />
      <setting name="ImageTargetFrameworkName" value=".NETFramework,Version=v4.6.1" />
      <setting name="ImageRequiresX86" value="False" />
      <setting name="ImageRequiresDefaultAppDomainAssemblyResolver" value="False" />
      <setting name="NumberOfTestWorkers" value="4" />
    </settings>
    <properties>
      <property name="_PID" value="6724" />
      <property name="_APPDOMAIN" value="domain-" />
    </properties>
    <test-suite type="TestSuite" id="0-1056" name="ProjectManager" fullname="ProjectManager" runstate="Runnable" testcasecount="52" result="Passed" start-time="2019-05-22 13:49:43Z" end-time="2019-05-22 13:49:46Z" duration="3.200527" total="52" passed="52" failed="0" warnings="0" inconclusive="0" skipped="0" asserts="108">
      <test-suite type="TestSuite" id="0-1057" name="Test" fullname="ProjectManager.Test" runstate="Runnable" testcasecount="52" result="Passed" start-time="2019-05-22 13:49:43Z" end-time="2019-05-22 13:49:46Z" duration="3.198127" total="52" passed="52" failed="0" warnings="0" inconclusive="0" skipped="0" asserts="108">
        <test-suite type="TestFixture" id="0-1000" name="ProjectControllerTest" fullname="ProjectManager.Test.ProjectControllerTest" classname="ProjectManager.Test.ProjectControllerTest" runstate="Runnable" testcasecount="17" result="Passed" start-time="2019-05-22 13:49:43Z" end-time="2019-05-22 13:49:46Z" duration="2.751196" total="17" passed="17" failed="0" warnings="0" inconclusive="0" skipped="0" asserts="34">
          <test-case id="0-1017" name="TestDeleteProject_CompletedTasksGreater" fullname="ProjectManager.Test.ProjectControllerTest.TestDeleteProject_CompletedTasksGreater" methodname="TestDeleteProject_CompletedTasksGreater" classname="ProjectManager.Test.ProjectControllerTest" runstate="Runnable" seed="932825760" result="Passed" start-time="2019-05-22 13:49:43Z" end-time="2019-05-22 13:49:45Z" duration="2.198011" asserts="2" />
          <test-case id="0-1014" name="TestDeleteProject_NegativeProjectId" fullname="ProjectManager.Test.ProjectControllerTest.TestDeleteProject_NegativeProjectId" methodname="TestDeleteProject_NegativeProjectId" classname="ProjectManager.Test.ProjectControllerTest" runstate="Runnable" seed="1796422018" result="Passed" start-time="2019-05-22 13:49:45Z" end-time="2019-05-22 13:49:45Z" duration="0.006355" asserts="2" />
          <test-case id="0-1016" name="TestDeleteProject_NegativeProjectIdInUser" fullname="ProjectManager.Test.ProjectControllerTest.TestDeleteProject_NegativeProjectIdInUser" methodname="TestDeleteProject_NegativeProjectIdInUser" classname="ProjectManager.Test.ProjectControllerTest" runstate="Runnable" seed="1341584327" result="Passed" start-time="2019-05-22 13:49:45Z" end-time="2019-05-22 13:49:45Z" duration="0.006016" asserts="2" />
          <test-case id="0-1013" name="TestDeleteProject_NoProjectAsParameter" fullname="ProjectManager.Test.ProjectControllerTest.TestDeleteProject_NoProjectAsParameter" methodname="TestDeleteProject_NoProjectAsParameter" classname="ProjectManager.Test.ProjectControllerTest" runstate="Runnable" seed="1490820750" result="Passed" start-time="2019-05-22 13:49:45Z" end-time="2019-05-22 13:49:45Z" duration="0.122747" asserts="2" />
          <test-case id="0-1015" name="TestDeleteProject_UserNullInProject" fullname="ProjectManager.Test.ProjectControllerTest.TestDeleteProject_UserNullInProject" methodname="TestDeleteProject_UserNullInProject" classname="ProjectManager.Test.ProjectControllerTest" runstate="Runnable" seed="866717471" result="Passed" start-time="2019-05-22 13:49:45Z" end-time="2019-05-22 13:49:45Z" duration="0.007533" asserts="2" />
          <test-case id="0-1002" name="TestDeleteProjects_Success" fullname="ProjectManager.Test.ProjectControllerTest.TestDeleteProjects_Success" methodname="TestDeleteProjects_Success" classname="ProjectManager.Test.ProjectControllerTest" runstate="Runnable" seed="1181315987" result="Passed" start-time="2019-05-22 13:49:45Z" end-time="2019-05-22 13:49:46Z" duration="0.232583" asserts="2" />
          <test-case id="0-1007" name="TestInsertProject_CompletedTasksGreater" fullname="ProjectManager.Test.ProjectControllerTest.TestInsertProject_CompletedTasksGreater" methodname="TestInsertProject_CompletedTasksGreater" classname="ProjectManager.Test.ProjectControllerTest" runstate="Runnable" seed="316764336" result="Passed" start-time="2019-05-22 13:49:46Z" end-time="2019-05-22 13:49:46Z" duration="0.007972" asserts="2" />
          <test-case id="0-1004" name="TestInsertProject_NegativeProjectId" fullname="ProjectManager.Test.ProjectControllerTest.TestInsertProject_NegativeProjectId" methodname="TestInsertProject_NegativeProjectId" classname="ProjectManager.Test.ProjectControllerTest" runstate="Runnable" seed="1400114787" result="Passed" start-time="2019-05-22 13:49:46Z" end-time="2019-05-22 13:49:46Z" duration="0.005177" asserts="2" />
          <test-case id="0-1006" name="TestInsertProject_NegativeProjectIdInUser" fullname="ProjectManager.Test.ProjectControllerTest.TestInsertProject_NegativeProjectIdInUser" methodname="TestInsertProject_NegativeProjectIdInUser" classname="ProjectManager.Test.ProjectControllerTest" runstate="Runnable" seed="1767725853" result="Passed" start-time="2019-05-22 13:49:46Z" end-time="2019-05-22 13:49:46Z" duration="0.005623" asserts="2" />
          <test-case id="0-1003" name="TestInsertProject_NoProjectAsParameter" fullname="ProjectManager.Test.ProjectControllerTest.TestInsertProject_NoProjectAsParameter" methodname="TestInsertProject_NoProjectAsParameter" classname="ProjectManager.Test.ProjectControllerTest" runstate="Runnable" seed="1424654815" result="Passed" start-time="2019-05-22 13:49:46Z" end-time="2019-05-22 13:49:46Z" duration="0.010655" asserts="2" />
          <test-case id="0-1005" name="TestInsertProject_UserNullInProject" fullname="ProjectManager.Test.ProjectControllerTest.TestInsertProject_UserNullInProject" methodname="TestInsertProject_UserNullInProject" classname="ProjectManager.Test.ProjectControllerTest" runstate="Runnable" seed="746265575" result="Passed" start-time="2019-05-22 13:49:46Z" end-time="2019-05-22 13:49:46Z" duration="0.004844" asserts="2" />
          <test-case id="0-1012" name="TestUpdateProject_CompletedTasksGreater" fullname="ProjectManager.Test.ProjectControllerTest.TestUpdateProject_CompletedTasksGreater" methodname="TestUpdateProject_CompletedTasksGreater" classname="ProjectManager.Test.ProjectControllerTest" runstate="Runnable" seed="1292475968" result="Passed" start-time="2019-05-22 13:49:46Z" end-time="2019-05-22 13:49:46Z" duration="0.006847" asserts="2" />
          <test-case id="0-1009" name="TestUpdateProject_NegativeProjectId" fullname="ProjectManager.Test.ProjectControllerTest.TestUpdateProject_NegativeProjectId" methodname="TestUpdateProject_NegativeProjectId" classname="ProjectManager.Test.ProjectControllerTest" runstate="Runnable" seed="732624505" result="Passed" start-time="2019-05-22 13:49:46Z" end-time="2019-05-22 13:49:46Z" duration="0.004418" asserts="2" />
          <test-case id="0-1011" name="TestUpdateProject_NegativeProjectIdInUser" fullname="ProjectManager.Test.ProjectControllerTest.TestUpdateProject_NegativeProjectIdInUser" methodname="TestUpdateProject_NegativeProjectIdInUser" classname="ProjectManager.Test.ProjectControllerTest" runstate="Runnable" seed="1890686367" result="Passed" start-time="2019-05-22 13:49:46Z" end-time="2019-05-22 13:49:46Z" duration="0.004943" asserts="2" />
          <test-case id="0-1008" name="TestUpdateProject_NoProjectAsParameter" fullname="ProjectManager.Test.ProjectControllerTest.TestUpdateProject_NoProjectAsParameter" methodname="TestUpdateProject_NoProjectAsParameter" classname="ProjectManager.Test.ProjectControllerTest" runstate="Runnable" seed="1422136180" result="Passed" start-time="2019-05-22 13:49:46Z" end-time="2019-05-22 13:49:46Z" duration="0.004391" asserts="2" />
          <test-case id="0-1010" name="TestUpdateProject_UserNullInProject" fullname="ProjectManager.Test.ProjectControllerTest.TestUpdateProject_UserNullInProject" methodname="TestUpdateProject_UserNullInProject" classname="ProjectManager.Test.ProjectControllerTest" runstate="Runnable" seed="448331533" result="Passed" start-time="2019-05-22 13:49:46Z" end-time="2019-05-22 13:49:46Z" duration="0.004678" asserts="2" />
          <test-case id="0-1001" name="TestUpdateProjects_Success" fullname="ProjectManager.Test.ProjectControllerTest.TestUpdateProjects_Success" methodname="TestUpdateProjects_Success" classname="ProjectManager.Test.ProjectControllerTest" runstate="Runnable" seed="1241051422" result="Passed" start-time="2019-05-22 13:49:46Z" end-time="2019-05-22 13:49:46Z" duration="0.043776" asserts="2" />
        </test-suite>
        <test-suite type="TestFixture" id="0-1018" name="TaskControllerTest" fullname="ProjectManager.Test.TaskControllerTest" classname="ProjectManager.Test.TaskControllerTest" runstate="Runnable" testcasecount="18" result="Passed" start-time="2019-05-22 13:49:46Z" end-time="2019-05-22 13:49:46Z" duration="0.305361" total="18" passed="18" failed="0" warnings="0" inconclusive="0" skipped="0" asserts="39">
          <test-case id="0-1022" name="TestDeleteProjects_Success" fullname="ProjectManager.Test.TaskControllerTest.TestDeleteProjects_Success" methodname="TestDeleteProjects_Success" classname="ProjectManager.Test.TaskControllerTest" runstate="Runnable" seed="388435181" result="Passed" start-time="2019-05-22 13:49:46Z" end-time="2019-05-22 13:49:46Z" duration="0.036438" asserts="2" />
          <test-case id="0-1035" name="TestDeleteTask_NegativeProjectId" fullname="ProjectManager.Test.TaskControllerTest.TestDeleteTask_NegativeProjectId" methodname="TestDeleteTask_NegativeProjectId" classname="ProjectManager.Test.TaskControllerTest" runstate="Runnable" seed="1106349431" result="Passed" start-time="2019-05-22 13:49:46Z" end-time="2019-05-22 13:49:46Z" duration="0.003762" asserts="2" />
          <test-case id="0-1036" name="TestDeleteTask_NegativeTaskId" fullname="ProjectManager.Test.TaskControllerTest.TestDeleteTask_NegativeTaskId" methodname="TestDeleteTask_NegativeTaskId" classname="ProjectManager.Test.TaskControllerTest" runstate="Runnable" seed="818723793" result="Passed" start-time="2019-05-22 13:49:46Z" end-time="2019-05-22 13:49:46Z" duration="0.003506" asserts="2" />
          <test-case id="0-1034" name="TestDeleteTask_NegativeTaskParentId" fullname="ProjectManager.Test.TaskControllerTest.TestDeleteTask_NegativeTaskParentId" methodname="TestDeleteTask_NegativeTaskParentId" classname="ProjectManager.Test.TaskControllerTest" runstate="Runnable" seed="1693778945" result="Passed" start-time="2019-05-22 13:49:46Z" end-time="2019-05-22 13:49:46Z" duration="0.004984" asserts="2" />
          <test-case id="0-1033" name="TestDeleteTask_NullTaskObject" fullname="ProjectManager.Test.TaskControllerTest.TestDeleteTask_NullTaskObject" methodname="TestDeleteTask_NullTaskObject" classname="ProjectManager.Test.TaskControllerTest" runstate="Runnable" seed="993745628" result="Passed" start-time="2019-05-22 13:49:46Z" end-time="2019-05-22 13:49:46Z" duration="0.006248" asserts="2" />
          <test-case id="0-1027" name="TestInsertTask_NegativeProjectId" fullname="ProjectManager.Test.TaskControllerTest.TestInsertTask_NegativeProjectId" methodname="TestInsertTask_NegativeProjectId" classname="ProjectManager.Test.TaskControllerTest" runstate="Runnable" seed="2115014255" result="Passed" start-time="2019-05-22 13:49:46Z" end-time="2019-05-22 13:49:46Z" duration="0.006545" asserts="2" />
          <test-case id="0-1028" name="TestInsertTask_NegativeTaskId" fullname="ProjectManager.Test.TaskControllerTest.TestInsertTask_NegativeTaskId" methodname="TestInsertTask_NegativeTaskId" classname="ProjectManager.Test.TaskControllerTest" runstate="Runnable" seed="950635724" result="Passed" start-time="2019-05-22 13:49:46Z" end-time="2019-05-22 13:49:46Z" duration="0.003907" asserts="2" />
          <test-case id="0-1026" name="TestInsertTask_NegativeTaskParentId" fullname="ProjectManager.Test.TaskControllerTest.TestInsertTask_NegativeTaskParentId" methodname="TestInsertTask_NegativeTaskParentId" classname="ProjectManager.Test.TaskControllerTest" runstate="Runnable" seed="79937864" result="Passed" start-time="2019-05-22 13:49:46Z" end-time="2019-05-22 13:49:46Z" duration="0.013160" asserts="2" />
          <test-case id="0-1025" name="TestInsertTask_NullTaskObject" fullname="ProjectManager.Test.TaskControllerTest.TestInsertTask_NullTaskObject" methodname="TestInsertTask_NullTaskObject" classname="ProjectManager.Test.TaskControllerTest" runstate="Runnable" seed="1836500649" result="Passed" start-time="2019-05-22 13:49:46Z" end-time="2019-05-22 13:49:46Z" duration="0.005810" asserts="2" />
          <test-case id="0-1020" name="TestRetrieveParentTasks_Success" fullname="ProjectManager.Test.TaskControllerTest.TestRetrieveParentTasks_Success" methodname="TestRetrieveParentTasks_Success" classname="ProjectManager.Test.TaskControllerTest" runstate="Runnable" seed="1378510788" result="Passed" start-time="2019-05-22 13:49:46Z" end-time="2019-05-22 13:49:46Z" duration="0.060624" asserts="3" />
          <test-case id="0-1024" name="TestRetrieveTaskByProjectId_NegativeTaskId" fullname="ProjectManager.Test.TaskControllerTest.TestRetrieveTaskByProjectId_NegativeTaskId" methodname="TestRetrieveTaskByProjectId_NegativeTaskId" classname="ProjectManager.Test.TaskControllerTest" runstate="Runnable" seed="1013385153" result="Passed" start-time="2019-05-22 13:49:46Z" end-time="2019-05-22 13:49:46Z" duration="0.006975" asserts="2" />
          <test-case id="0-1023" name="TestRetrieveTaskByProjectId_Success" fullname="ProjectManager.Test.TaskControllerTest.TestRetrieveTaskByProjectId_Success" methodname="TestRetrieveTaskByProjectId_Success" classname="ProjectManager.Test.TaskControllerTest" runstate="Runnable" seed="1069023966" result="Passed" start-time="2019-05-22 13:49:46Z" end-time="2019-05-22 13:49:46Z" duration="0.086365" asserts="4" />
          <test-case id="0-1019" name="TestRetrieveTasks_Success" fullname="ProjectManager.Test.TaskControllerTest.TestRetrieveTasks_Success" methodname="TestRetrieveTasks_Success" classname="ProjectManager.Test.TaskControllerTest" runstate="Runnable" seed="227855302" result="Passed" start-time="2019-05-22 13:49:46Z" end-time="2019-05-22 13:49:46Z" duration="0.016917" asserts="2" />
          <test-case id="0-1021" name="TestUpdateProjects_Success" fullname="ProjectManager.Test.TaskControllerTest.TestUpdateProjects_Success" methodname="TestUpdateProjects_Success" classname="ProjectManager.Test.TaskControllerTest" runstate="Runnable" seed="2008287028" result="Passed" start-time="2019-05-22 13:49:46Z" end-time="2019-05-22 13:49:46Z" duration="0.034692" asserts="2" />
          <test-case id="0-1031" name="TestUpdateTask_NegativeProjectId" fullname="ProjectManager.Test.TaskControllerTest.TestUpdateTask_NegativeProjectId" methodname="TestUpdateTask_NegativeProjectId" classname="ProjectManager.Test.TaskControllerTest" runstate="Runnable" seed="1989003832" result="Passed" start-time="2019-05-22 13:49:46Z" end-time="2019-05-22 13:49:46Z" duration="0.003682" asserts="2" />
          <test-case id="0-1032" name="TestUpdateTask_NegativeTaskId" fullname="ProjectManager.Test.TaskControllerTest.TestUpdateTask_NegativeTaskId" methodname="TestUpdateTask_NegativeTaskId" classname="ProjectManager.Test.TaskControllerTest" runstate="Runnable" seed="1534918487" result="Passed" start-time="2019-05-22 13:49:46Z" end-time="2019-05-22 13:49:46Z" duration="0.003003" asserts="2" />
          <test-case id="0-1030" name="TestUpdateTask_NegativeTaskParentId" fullname="ProjectManager.Test.TaskControllerTest.TestUpdateTask_NegativeTaskParentId" methodname="TestUpdateTask_NegativeTaskParentId" classname="ProjectManager.Test.TaskControllerTest" runstate="Runnable" seed="1166555279" result="Passed" start-time="2019-05-22 13:49:46Z" end-time="2019-05-22 13:49:46Z" duration="0.003011" asserts="2" />
          <test-case id="0-1029" name="TestUpdateTask_NullTaskObject" fullname="ProjectManager.Test.TaskControllerTest.TestUpdateTask_NullTaskObject" methodname="TestUpdateTask_NullTaskObject" classname="ProjectManager.Test.TaskControllerTest" runstate="Runnable" seed="1075101319" result="Passed" start-time="2019-05-22 13:49:46Z" end-time="2019-05-22 13:49:46Z" duration="0.003138" asserts="2" />
        </test-suite>
        <test-suite type="TestFixture" id="0-1037" name="UserControllerTest" fullname="ProjectManager.Test.UserControllerTest" classname="ProjectManager.Test.UserControllerTest" runstate="Runnable" testcasecount="17" result="Passed" start-time="2019-05-22 13:49:46Z" end-time="2019-05-22 13:49:46Z" duration="0.122911" total="17" passed="17" failed="0" warnings="0" inconclusive="0" skipped="0" asserts="35">
          <test-case id="0-1042" name="TestDeleteUser_InvalidEmployeeId" fullname="ProjectManager.Test.UserControllerTest.TestDeleteUser_InvalidEmployeeId" methodname="TestDeleteUser_InvalidEmployeeId" classname="ProjectManager.Test.UserControllerTest" runstate="Runnable" seed="1462064233" result="Passed" start-time="2019-05-22 13:49:46Z" end-time="2019-05-22 13:49:46Z" duration="0.010620" asserts="2" />
          <test-case id="0-1044" name="TestDeleteUser_InvalidProjectIdFormat" fullname="ProjectManager.Test.UserControllerTest.TestDeleteUser_InvalidProjectIdFormat" methodname="TestDeleteUser_InvalidProjectIdFormat" classname="ProjectManager.Test.UserControllerTest" runstate="Runnable" seed="1861177708" result="Passed" start-time="2019-05-22 13:49:46Z" end-time="2019-05-22 13:49:46Z" duration="0.004132" asserts="2" />
          <test-case id="0-1043" name="TestDeleteUser_NegativeEmployeeId" fullname="ProjectManager.Test.UserControllerTest.TestDeleteUser_NegativeEmployeeId" methodname="TestDeleteUser_NegativeEmployeeId" classname="ProjectManager.Test.UserControllerTest" runstate="Runnable" seed="583976867" result="Passed" start-time="2019-05-22 13:49:46Z" end-time="2019-05-22 13:49:46Z" duration="0.004078" asserts="2" />
          <test-case id="0-1045" name="TestDeleteUser_NegativeUserIdFormat" fullname="ProjectManager.Test.UserControllerTest.TestDeleteUser_NegativeUserIdFormat" methodname="TestDeleteUser_NegativeUserIdFormat" classname="ProjectManager.Test.UserControllerTest" runstate="Runnable" seed="645787782" result="Passed" start-time="2019-05-22 13:49:46Z" end-time="2019-05-22 13:49:46Z" duration="0.004738" asserts="2" />
          <test-case id="0-1040" name="TestDeleteUser_Success" fullname="ProjectManager.Test.UserControllerTest.TestDeleteUser_Success" methodname="TestDeleteUser_Success" classname="ProjectManager.Test.UserControllerTest" runstate="Runnable" seed="469763203" result="Passed" start-time="2019-05-22 13:49:46Z" end-time="2019-05-22 13:49:46Z" duration="0.009372" asserts="2" />
          <test-case id="0-1041" name="TestDeleteUser_UserNullException" fullname="ProjectManager.Test.UserControllerTest.TestDeleteUser_UserNullException" methodname="TestDeleteUser_UserNullException" classname="ProjectManager.Test.UserControllerTest" runstate="Runnable" seed="872929408" result="Passed" start-time="2019-05-22 13:49:46Z" end-time="2019-05-22 13:49:46Z" duration="0.004252" asserts="2" />
          <test-case id="0-1038" name="TestGetUser_Success" fullname="ProjectManager.Test.UserControllerTest.TestGetUser_Success" methodname="TestGetUser_Success" classname="ProjectManager.Test.UserControllerTest" runstate="Runnable" seed="1707512984" result="Passed" start-time="2019-05-22 13:49:46Z" end-time="2019-05-22 13:49:46Z" duration="0.012280" asserts="3" />
          <test-case id="0-1052" name="TestInsertUser_InvalidEmployeeId" fullname="ProjectManager.Test.UserControllerTest.TestInsertUser_InvalidEmployeeId" methodname="TestInsertUser_InvalidEmployeeId" classname="ProjectManager.Test.UserControllerTest" runstate="Runnable" seed="894441725" result="Passed" start-time="2019-05-22 13:49:46Z" end-time="2019-05-22 13:49:46Z" duration="0.006367" asserts="2" />
          <test-case id="0-1054" name="TestInsertUser_InvalidProjectIdFormat" fullname="ProjectManager.Test.UserControllerTest.TestInsertUser_InvalidProjectIdFormat" methodname="TestInsertUser_InvalidProjectIdFormat" classname="ProjectManager.Test.UserControllerTest" runstate="Runnable" seed="1591208717" result="Passed" start-time="2019-05-22 13:49:46Z" end-time="2019-05-22 13:49:46Z" duration="0.003853" asserts="2" />
          <test-case id="0-1053" name="TestInsertUser_NegativeEmployeeId" fullname="ProjectManager.Test.UserControllerTest.TestInsertUser_NegativeEmployeeId" methodname="TestInsertUser_NegativeEmployeeId" classname="ProjectManager.Test.UserControllerTest" runstate="Runnable" seed="227835716" result="Passed" start-time="2019-05-22 13:49:46Z" end-time="2019-05-22 13:49:46Z" duration="0.004294" asserts="2" />
          <test-case id="0-1051" name="TestInsertUser_UserNullException" fullname="ProjectManager.Test.UserControllerTest.TestInsertUser_UserNullException" methodname="TestInsertUser_UserNullException" classname="ProjectManager.Test.UserControllerTest" runstate="Runnable" seed="1639890967" result="Passed" start-time="2019-05-22 13:49:46Z" end-time="2019-05-22 13:49:46Z" duration="0.004588" asserts="2" />
          <test-case id="0-1047" name="TestUpdateUser_InvalidEmployeeId" fullname="ProjectManager.Test.UserControllerTest.TestUpdateUser_InvalidEmployeeId" methodname="TestUpdateUser_InvalidEmployeeId" classname="ProjectManager.Test.UserControllerTest" runstate="Runnable" seed="1403881839" result="Passed" start-time="2019-05-22 13:49:46Z" end-time="2019-05-22 13:49:46Z" duration="0.022902" asserts="2" />
          <test-case id="0-1049" name="TestUpdateUser_InvalidProjectIdFormat" fullname="ProjectManager.Test.UserControllerTest.TestUpdateUser_InvalidProjectIdFormat" methodname="TestUpdateUser_InvalidProjectIdFormat" classname="ProjectManager.Test.UserControllerTest" runstate="Runnable" seed="868181566" result="Passed" start-time="2019-05-22 13:49:46Z" end-time="2019-05-22 13:49:46Z" duration="0.005205" asserts="2" />
          <test-case id="0-1048" name="TestUpdateUser_NegativeEmployeeId" fullname="ProjectManager.Test.UserControllerTest.TestUpdateUser_NegativeEmployeeId" methodname="TestUpdateUser_NegativeEmployeeId" classname="ProjectManager.Test.UserControllerTest" runstate="Runnable" seed="1815973072" result="Passed" start-time="2019-05-22 13:49:46Z" end-time="2019-05-22 13:49:46Z" duration="0.004943" asserts="2" />
          <test-case id="0-1050" name="TestUpdateUser_NegativeUserIdFormat" fullname="ProjectManager.Test.UserControllerTest.TestUpdateUser_NegativeUserIdFormat" methodname="TestUpdateUser_NegativeUserIdFormat" classname="ProjectManager.Test.UserControllerTest" runstate="Runnable" seed="1519559571" result="Passed" start-time="2019-05-22 13:49:46Z" end-time="2019-05-22 13:49:46Z" duration="0.004010" asserts="2" />
          <test-case id="0-1039" name="TestUpdateUser_Success" fullname="ProjectManager.Test.UserControllerTest.TestUpdateUser_Success" methodname="TestUpdateUser_Success" classname="ProjectManager.Test.UserControllerTest" runstate="Runnable" seed="823092079" result="Passed" start-time="2019-05-22 13:49:46Z" end-time="2019-05-22 13:49:46Z" duration="0.011411" asserts="2" />
          <test-case id="0-1046" name="TestUpdateUser_UserNullException" fullname="ProjectManager.Test.UserControllerTest.TestUpdateUser_UserNullException" methodname="TestUpdateUser_UserNullException" classname="ProjectManager.Test.UserControllerTest" runstate="Runnable" seed="1980830856" result="Passed" start-time="2019-05-22 13:49:46Z" end-time="2019-05-22 13:49:46Z" duration="0.004346" asserts="2" />
        </test-suite>
      </test-suite>
    </test-suite>
  </test-suite>
</test-run>