<?xml version="1.0" encoding="utf-8" standalone="no"?>
<test-run id="2" testcasecount="53" result="Passed" total="53" passed="53" failed="0" inconclusive="0" skipped="0" asserts="111" engine-version="3.10.0.0" clr-version="4.0.30319.42000" start-time="2019-05-23 09:37:54Z" end-time="2019-05-23 09:38:09Z" duration="15.498402">
  <command-line><![CDATA[C:\Users\Administrator\Desktop\Final\FSE_SBA_ProjectManager\SourceCode\server\ProjectManager\packages\NUnit.ConsoleRunner.3.10.0\tools\nunit3-console.exe  C:\Users\Administrator\Desktop\Final\FSE_SBA_ProjectManager\SourceCode\server\ProjectManager\ProjectManager.Tests\bin\Debug\ProjectManager.Tests.dll]]></command-line>
  <test-suite type="Assembly" id="0-1056" name="ProjectManager.Tests.dll" fullname="ProjectManager.Tests.dll" runstate="Runnable" testcasecount="53" result="Passed" start-time="2019-05-23 09:38:01Z" end-time="2019-05-23 09:38:09Z" duration="8.038763" total="53" passed="53" failed="0" warnings="0" inconclusive="0" skipped="0" asserts="111">
    <environment framework-version="3.11.0.0" clr-version="4.0.30319.42000" os-version="Microsoft Windows NT 10.0.10240.0" platform="Win32NT" cwd="C:\Users\Administrator\Desktop\Final\FSE_SBA_ProjectManager\SourceCode\server\ProjectManager\packages\OpenCover.4.6.519\tools" machine-name="DOTNET" user="Administrator" user-domain="DOTNET" culture="en-US" uiculture="en-US" os-architecture="x64" />
    <settings>
      <setting name="DisposeRunners" value="True" />
      <setting name="WorkDirectory" value="C:\Users\Administrator\Desktop\Final\FSE_SBA_ProjectManager\SourceCode\server\ProjectManager\packages\OpenCover.4.6.519\tools" />
      <setting name="ImageRuntimeVersion" value="4.0.30319" />
      <setting name="ImageTargetFrameworkName" value=".NETFramework,Version=v4.6.1" />
      <setting name="ImageRequiresX86" value="False" />
      <setting name="ImageRequiresDefaultAppDomainAssemblyResolver" value="False" />
      <setting name="NumberOfTestWorkers" value="4" />
    </settings>
    <properties>
      <property name="_PID" value="1868" />
      <property name="_APPDOMAIN" value="domain-" />
    </properties>
    <test-suite type="TestSuite" id="0-1057" name="ProjectManager" fullname="ProjectManager" runstate="Runnable" testcasecount="53" result="Passed" start-time="2019-05-23 09:38:01Z" end-time="2019-05-23 09:38:09Z" duration="7.979878" total="53" passed="53" failed="0" warnings="0" inconclusive="0" skipped="0" asserts="111">
      <test-suite type="TestSuite" id="0-1058" name="Test" fullname="ProjectManager.Test" runstate="Runnable" testcasecount="53" result="Passed" start-time="2019-05-23 09:38:01Z" end-time="2019-05-23 09:38:09Z" duration="7.978247" total="53" passed="53" failed="0" warnings="0" inconclusive="0" skipped="0" asserts="111">
        <test-suite type="TestFixture" id="0-1000" name="ProjectControllerTest" fullname="ProjectManager.Test.ProjectControllerTest" classname="ProjectManager.Test.ProjectControllerTest" runstate="Runnable" testcasecount="18" result="Passed" start-time="2019-05-23 09:38:01Z" end-time="2019-05-23 09:38:09Z" duration="7.594136" total="18" passed="18" failed="0" warnings="0" inconclusive="0" skipped="0" asserts="37">
          <test-case id="0-1018" name="TestDeleteProject_CompletedTasksGreater" fullname="ProjectManager.Test.ProjectControllerTest.TestDeleteProject_CompletedTasksGreater" methodname="TestDeleteProject_CompletedTasksGreater" classname="ProjectManager.Test.ProjectControllerTest" runstate="Runnable" seed="799708277" result="Passed" start-time="2019-05-23 09:38:01Z" end-time="2019-05-23 09:38:03Z" duration="1.737360" asserts="2" />
          <test-case id="0-1015" name="TestDeleteProject_NegativeProjectId" fullname="ProjectManager.Test.ProjectControllerTest.TestDeleteProject_NegativeProjectId" methodname="TestDeleteProject_NegativeProjectId" classname="ProjectManager.Test.ProjectControllerTest" runstate="Runnable" seed="1485993885" result="Passed" start-time="2019-05-23 09:38:03Z" end-time="2019-05-23 09:38:03Z" duration="0.004874" asserts="2" />
          <test-case id="0-1017" name="TestDeleteProject_NegativeProjectIdInUser" fullname="ProjectManager.Test.ProjectControllerTest.TestDeleteProject_NegativeProjectIdInUser" methodname="TestDeleteProject_NegativeProjectIdInUser" classname="ProjectManager.Test.ProjectControllerTest" runstate="Runnable" seed="8424434" result="Passed" start-time="2019-05-23 09:38:03Z" end-time="2019-05-23 09:38:03Z" duration="0.005337" asserts="2" />
          <test-case id="0-1014" name="TestDeleteProject_NoProjectAsParameter" fullname="ProjectManager.Test.ProjectControllerTest.TestDeleteProject_NoProjectAsParameter" methodname="TestDeleteProject_NoProjectAsParameter" classname="ProjectManager.Test.ProjectControllerTest" runstate="Runnable" seed="880846286" result="Passed" start-time="2019-05-23 09:38:03Z" end-time="2019-05-23 09:38:03Z" duration="0.091221" asserts="2" />
          <test-case id="0-1016" name="TestDeleteProject_UserNullInProject" fullname="ProjectManager.Test.ProjectControllerTest.TestDeleteProject_UserNullInProject" methodname="TestDeleteProject_UserNullInProject" classname="ProjectManager.Test.ProjectControllerTest" runstate="Runnable" seed="1926193579" result="Passed" start-time="2019-05-23 09:38:03Z" end-time="2019-05-23 09:38:03Z" duration="0.004801" asserts="2" />
          <test-case id="0-1003" name="TestDeleteProjects_Success" fullname="ProjectManager.Test.ProjectControllerTest.TestDeleteProjects_Success" methodname="TestDeleteProjects_Success" classname="ProjectManager.Test.ProjectControllerTest" runstate="Runnable" seed="1274299925" result="Passed" start-time="2019-05-23 09:38:03Z" end-time="2019-05-23 09:38:03Z" duration="0.205573" asserts="2" />
          <test-case id="0-1001" name="TestGetProjects_Success" fullname="ProjectManager.Test.ProjectControllerTest.TestGetProjects_Success" methodname="TestGetProjects_Success" classname="ProjectManager.Test.ProjectControllerTest" runstate="Runnable" seed="2122855392" result="Passed" start-time="2019-05-23 09:38:03Z" end-time="2019-05-23 09:38:09Z" duration="5.414501" asserts="3" />
          <test-case id="0-1008" name="TestInsertProject_CompletedTasksGreater" fullname="ProjectManager.Test.ProjectControllerTest.TestInsertProject_CompletedTasksGreater" methodname="TestInsertProject_CompletedTasksGreater" classname="ProjectManager.Test.ProjectControllerTest" runstate="Runnable" seed="431265471" result="Passed" start-time="2019-05-23 09:38:09Z" end-time="2019-05-23 09:38:09Z" duration="0.007023" asserts="2" />
          <test-case id="0-1005" name="TestInsertProject_NegativeProjectId" fullname="ProjectManager.Test.ProjectControllerTest.TestInsertProject_NegativeProjectId" methodname="TestInsertProject_NegativeProjectId" classname="ProjectManager.Test.ProjectControllerTest" runstate="Runnable" seed="1028175390" result="Passed" start-time="2019-05-23 09:38:09Z" end-time="2019-05-23 09:38:09Z" duration="0.005473" asserts="2" />
          <test-case id="0-1007" name="TestInsertProject_NegativeProjectIdInUser" fullname="ProjectManager.Test.ProjectControllerTest.TestInsertProject_NegativeProjectIdInUser" methodname="TestInsertProject_NegativeProjectIdInUser" classname="ProjectManager.Test.ProjectControllerTest" runstate="Runnable" seed="1523056246" result="Passed" start-time="2019-05-23 09:38:09Z" end-time="2019-05-23 09:38:09Z" duration="0.003994" asserts="2" />
          <test-case id="0-1004" name="TestInsertProject_NoProjectAsParameter" fullname="ProjectManager.Test.ProjectControllerTest.TestInsertProject_NoProjectAsParameter" methodname="TestInsertProject_NoProjectAsParameter" classname="ProjectManager.Test.ProjectControllerTest" runstate="Runnable" seed="361356680" result="Passed" start-time="2019-05-23 09:38:09Z" end-time="2019-05-23 09:38:09Z" duration="0.003398" asserts="2" />
          <test-case id="0-1006" name="TestInsertProject_UserNullInProject" fullname="ProjectManager.Test.ProjectControllerTest.TestInsertProject_UserNullInProject" methodname="TestInsertProject_UserNullInProject" classname="ProjectManager.Test.ProjectControllerTest" runstate="Runnable" seed="1196746548" result="Passed" start-time="2019-05-23 09:38:09Z" end-time="2019-05-23 09:38:09Z" duration="0.004655" asserts="2" />
          <test-case id="0-1013" name="TestUpdateProject_CompletedTasksGreater" fullname="ProjectManager.Test.ProjectControllerTest.TestUpdateProject_CompletedTasksGreater" methodname="TestUpdateProject_CompletedTasksGreater" classname="ProjectManager.Test.ProjectControllerTest" runstate="Runnable" seed="570442664" result="Passed" start-time="2019-05-23 09:38:09Z" end-time="2019-05-23 09:38:09Z" duration="0.005834" asserts="2" />
          <test-case id="0-1010" name="TestUpdateProject_NegativeProjectId" fullname="ProjectManager.Test.ProjectControllerTest.TestUpdateProject_NegativeProjectId" methodname="TestUpdateProject_NegativeProjectId" classname="ProjectManager.Test.ProjectControllerTest" runstate="Runnable" seed="1462770047" result="Passed" start-time="2019-05-23 09:38:09Z" end-time="2019-05-23 09:38:09Z" duration="0.005102" asserts="2" />
          <test-case id="0-1012" name="TestUpdateProject_NegativeProjectIdInUser" fullname="ProjectManager.Test.ProjectControllerTest.TestUpdateProject_NegativeProjectIdInUser" methodname="TestUpdateProject_NegativeProjectIdInUser" classname="ProjectManager.Test.ProjectControllerTest" runstate="Runnable" seed="453885031" result="Passed" start-time="2019-05-23 09:38:09Z" end-time="2019-05-23 09:38:09Z" duration="0.004065" asserts="2" />
          <test-case id="0-1009" name="TestUpdateProject_NoProjectAsParameter" fullname="ProjectManager.Test.ProjectControllerTest.TestUpdateProject_NoProjectAsParameter" methodname="TestUpdateProject_NoProjectAsParameter" classname="ProjectManager.Test.ProjectControllerTest" runstate="Runnable" seed="1149498808" result="Passed" start-time="2019-05-23 09:38:09Z" end-time="2019-05-23 09:38:09Z" duration="0.003504" asserts="2" />
          <test-case id="0-1011" name="TestUpdateProject_UserNullInProject" fullname="ProjectManager.Test.ProjectControllerTest.TestUpdateProject_UserNullInProject" methodname="TestUpdateProject_UserNullInProject" classname="ProjectManager.Test.ProjectControllerTest" runstate="Runnable" seed="369705876" result="Passed" start-time="2019-05-23 09:38:09Z" end-time="2019-05-23 09:38:09Z" duration="0.004618" asserts="2" />
          <test-case id="0-1002" name="TestUpdateProjects_Success" fullname="ProjectManager.Test.ProjectControllerTest.TestUpdateProjects_Success" methodname="TestUpdateProjects_Success" classname="ProjectManager.Test.ProjectControllerTest" runstate="Runnable" seed="1564996362" result="Passed" start-time="2019-05-23 09:38:09Z" end-time="2019-05-23 09:38:09Z" duration="0.025715" asserts="2" />
        </test-suite>
        <test-suite type="TestFixture" id="0-1019" name="TaskControllerTest" fullname="ProjectManager.Test.TaskControllerTest" classname="ProjectManager.Test.TaskControllerTest" runstate="Runnable" testcasecount="18" result="Passed" start-time="2019-05-23 09:38:09Z" end-time="2019-05-23 09:38:09Z" duration="0.242622" total="18" passed="18" failed="0" warnings="0" inconclusive="0" skipped="0" asserts="39">
          <test-case id="0-1023" name="TestDeleteProjects_Success" fullname="ProjectManager.Test.TaskControllerTest.TestDeleteProjects_Success" methodname="TestDeleteProjects_Success" classname="ProjectManager.Test.TaskControllerTest" runstate="Runnable" seed="1551246350" result="Passed" start-time="2019-05-23 09:38:09Z" end-time="2019-05-23 09:38:09Z" duration="0.031918" asserts="2" />
          <test-case id="0-1036" name="TestDeleteTask_NegativeProjectId" fullname="ProjectManager.Test.TaskControllerTest.TestDeleteTask_NegativeProjectId" methodname="TestDeleteTask_NegativeProjectId" classname="ProjectManager.Test.TaskControllerTest" runstate="Runnable" seed="408745549" result="Passed" start-time="2019-05-23 09:38:09Z" end-time="2019-05-23 09:38:09Z" duration="0.003148" asserts="2" />
          <test-case id="0-1037" name="TestDeleteTask_NegativeTaskId" fullname="ProjectManager.Test.TaskControllerTest.TestDeleteTask_NegativeTaskId" methodname="TestDeleteTask_NegativeTaskId" classname="ProjectManager.Test.TaskControllerTest" runstate="Runnable" seed="1852082192" result="Passed" start-time="2019-05-23 09:38:09Z" end-time="2019-05-23 09:38:09Z" duration="0.003295" asserts="2" />
          <test-case id="0-1035" name="TestDeleteTask_NegativeTaskParentId" fullname="ProjectManager.Test.TaskControllerTest.TestDeleteTask_NegativeTaskParentId" methodname="TestDeleteTask_NegativeTaskParentId" classname="ProjectManager.Test.TaskControllerTest" runstate="Runnable" seed="868578815" result="Passed" start-time="2019-05-23 09:38:09Z" end-time="2019-05-23 09:38:09Z" duration="0.002779" asserts="2" />
          <test-case id="0-1034" name="TestDeleteTask_NullTaskObject" fullname="ProjectManager.Test.TaskControllerTest.TestDeleteTask_NullTaskObject" methodname="TestDeleteTask_NullTaskObject" classname="ProjectManager.Test.TaskControllerTest" runstate="Runnable" seed="428188898" result="Passed" start-time="2019-05-23 09:38:09Z" end-time="2019-05-23 09:38:09Z" duration="0.003184" asserts="2" />
          <test-case id="0-1028" name="TestInsertTask_NegativeProjectId" fullname="ProjectManager.Test.TaskControllerTest.TestInsertTask_NegativeProjectId" methodname="TestInsertTask_NegativeProjectId" classname="ProjectManager.Test.TaskControllerTest" runstate="Runnable" seed="782900775" result="Passed" start-time="2019-05-23 09:38:09Z" end-time="2019-05-23 09:38:09Z" duration="0.006597" asserts="2" />
          <test-case id="0-1029" name="TestInsertTask_NegativeTaskId" fullname="ProjectManager.Test.TaskControllerTest.TestInsertTask_NegativeTaskId" methodname="TestInsertTask_NegativeTaskId" classname="ProjectManager.Test.TaskControllerTest" runstate="Runnable" seed="866457512" result="Passed" start-time="2019-05-23 09:38:09Z" end-time="2019-05-23 09:38:09Z" duration="0.004434" asserts="2" />
          <test-case id="0-1027" name="TestInsertTask_NegativeTaskParentId" fullname="ProjectManager.Test.TaskControllerTest.TestInsertTask_NegativeTaskParentId" methodname="TestInsertTask_NegativeTaskParentId" classname="ProjectManager.Test.TaskControllerTest" runstate="Runnable" seed="504867132" result="Passed" start-time="2019-05-23 09:38:09Z" end-time="2019-05-23 09:38:09Z" duration="0.003513" asserts="2" />
          <test-case id="0-1026" name="TestInsertTask_NullTaskObject" fullname="ProjectManager.Test.TaskControllerTest.TestInsertTask_NullTaskObject" methodname="TestInsertTask_NullTaskObject" classname="ProjectManager.Test.TaskControllerTest" runstate="Runnable" seed="54321859" result="Passed" start-time="2019-05-23 09:38:09Z" end-time="2019-05-23 09:38:09Z" duration="0.003059" asserts="2" />
          <test-case id="0-1021" name="TestRetrieveParentTasks_Success" fullname="ProjectManager.Test.TaskControllerTest.TestRetrieveParentTasks_Success" methodname="TestRetrieveParentTasks_Success" classname="ProjectManager.Test.TaskControllerTest" runstate="Runnable" seed="1975093100" result="Passed" start-time="2019-05-23 09:38:09Z" end-time="2019-05-23 09:38:09Z" duration="0.016092" asserts="3" />
          <test-case id="0-1025" name="TestRetrieveTaskByProjectId_NegativeTaskId" fullname="ProjectManager.Test.TaskControllerTest.TestRetrieveTaskByProjectId_NegativeTaskId" methodname="TestRetrieveTaskByProjectId_NegativeTaskId" classname="ProjectManager.Test.TaskControllerTest" runstate="Runnable" seed="38415783" result="Passed" start-time="2019-05-23 09:38:09Z" end-time="2019-05-23 09:38:09Z" duration="0.004482" asserts="2" />
          <test-case id="0-1024" name="TestRetrieveTaskByProjectId_Success" fullname="ProjectManager.Test.TaskControllerTest.TestRetrieveTaskByProjectId_Success" methodname="TestRetrieveTaskByProjectId_Success" classname="ProjectManager.Test.TaskControllerTest" runstate="Runnable" seed="2133885905" result="Passed" start-time="2019-05-23 09:38:09Z" end-time="2019-05-23 09:38:09Z" duration="0.054848" asserts="4" />
          <test-case id="0-1020" name="TestRetrieveTasks_Success" fullname="ProjectManager.Test.TaskControllerTest.TestRetrieveTasks_Success" methodname="TestRetrieveTasks_Success" classname="ProjectManager.Test.TaskControllerTest" runstate="Runnable" seed="1103701820" result="Passed" start-time="2019-05-23 09:38:09Z" end-time="2019-05-23 09:38:09Z" duration="0.022004" asserts="2" />
          <test-case id="0-1022" name="TestUpdateProjects_Success" fullname="ProjectManager.Test.TaskControllerTest.TestUpdateProjects_Success" methodname="TestUpdateProjects_Success" classname="ProjectManager.Test.TaskControllerTest" runstate="Runnable" seed="1371125424" result="Passed" start-time="2019-05-23 09:38:09Z" end-time="2019-05-23 09:38:09Z" duration="0.029436" asserts="2" />
          <test-case id="0-1032" name="TestUpdateTask_NegativeProjectId" fullname="ProjectManager.Test.TaskControllerTest.TestUpdateTask_NegativeProjectId" methodname="TestUpdateTask_NegativeProjectId" classname="ProjectManager.Test.TaskControllerTest" runstate="Runnable" seed="544273137" result="Passed" start-time="2019-05-23 09:38:09Z" end-time="2019-05-23 09:38:09Z" duration="0.004418" asserts="2" />
          <test-case id="0-1033" name="TestUpdateTask_NegativeTaskId" fullname="ProjectManager.Test.TaskControllerTest.TestUpdateTask_NegativeTaskId" methodname="TestUpdateTask_NegativeTaskId" classname="ProjectManager.Test.TaskControllerTest" runstate="Runnable" seed="980381911" result="Passed" start-time="2019-05-23 09:38:09Z" end-time="2019-05-23 09:38:09Z" duration="0.040338" asserts="2" />
          <test-case id="0-1031" name="TestUpdateTask_NegativeTaskParentId" fullname="ProjectManager.Test.TaskControllerTest.TestUpdateTask_NegativeTaskParentId" methodname="TestUpdateTask_NegativeTaskParentId" classname="ProjectManager.Test.TaskControllerTest" runstate="Runnable" seed="1433242231" result="Passed" start-time="2019-05-23 09:38:09Z" end-time="2019-05-23 09:38:09Z" duration="0.004109" asserts="2" />
          <test-case id="0-1030" name="TestUpdateTask_NullTaskObject" fullname="ProjectManager.Test.TaskControllerTest.TestUpdateTask_NullTaskObject" methodname="TestUpdateTask_NullTaskObject" classname="ProjectManager.Test.TaskControllerTest" runstate="Runnable" seed="1129593145" result="Passed" start-time="2019-05-23 09:38:09Z" end-time="2019-05-23 09:38:09Z" duration="0.003070" asserts="2" />
        </test-suite>
        <test-suite type="TestFixture" id="0-1038" name="UserControllerTest" fullname="ProjectManager.Test.UserControllerTest" classname="ProjectManager.Test.UserControllerTest" runstate="Runnable" testcasecount="17" result="Passed" start-time="2019-05-23 09:38:09Z" end-time="2019-05-23 09:38:09Z" duration="0.127752" total="17" passed="17" failed="0" warnings="0" inconclusive="0" skipped="0" asserts="35">
          <test-case id="0-1043" name="TestDeleteUser_InvalidEmployeeId" fullname="ProjectManager.Test.UserControllerTest.TestDeleteUser_InvalidEmployeeId" methodname="TestDeleteUser_InvalidEmployeeId" classname="ProjectManager.Test.UserControllerTest" runstate="Runnable" seed="112755573" result="Passed" start-time="2019-05-23 09:38:09Z" end-time="2019-05-23 09:38:09Z" duration="0.011327" asserts="2" />
          <test-case id="0-1045" name="TestDeleteUser_InvalidProjectIdFormat" fullname="ProjectManager.Test.UserControllerTest.TestDeleteUser_InvalidProjectIdFormat" methodname="TestDeleteUser_InvalidProjectIdFormat" classname="ProjectManager.Test.UserControllerTest" runstate="Runnable" seed="633535494" result="Passed" start-time="2019-05-23 09:38:09Z" end-time="2019-05-23 09:38:09Z" duration="0.004949" asserts="2" />
          <test-case id="0-1044" name="TestDeleteUser_NegativeEmployeeId" fullname="ProjectManager.Test.UserControllerTest.TestDeleteUser_NegativeEmployeeId" methodname="TestDeleteUser_NegativeEmployeeId" classname="ProjectManager.Test.UserControllerTest" runstate="Runnable" seed="1053738192" result="Passed" start-time="2019-05-23 09:38:09Z" end-time="2019-05-23 09:38:09Z" duration="0.004766" asserts="2" />
          <test-case id="0-1046" name="TestDeleteUser_NegativeUserIdFormat" fullname="ProjectManager.Test.UserControllerTest.TestDeleteUser_NegativeUserIdFormat" methodname="TestDeleteUser_NegativeUserIdFormat" classname="ProjectManager.Test.UserControllerTest" runstate="Runnable" seed="1636273780" result="Passed" start-time="2019-05-23 09:38:09Z" end-time="2019-05-23 09:38:09Z" duration="0.004372" asserts="2" />
          <test-case id="0-1041" name="TestDeleteUser_Success" fullname="ProjectManager.Test.UserControllerTest.TestDeleteUser_Success" methodname="TestDeleteUser_Success" classname="ProjectManager.Test.UserControllerTest" runstate="Runnable" seed="2064263458" result="Passed" start-time="2019-05-23 09:38:09Z" end-time="2019-05-23 09:38:09Z" duration="0.010102" asserts="2" />
          <test-case id="0-1042" name="TestDeleteUser_UserNullException" fullname="ProjectManager.Test.UserControllerTest.TestDeleteUser_UserNullException" methodname="TestDeleteUser_UserNullException" classname="ProjectManager.Test.UserControllerTest" runstate="Runnable" seed="1981248751" result="Passed" start-time="2019-05-23 09:38:09Z" end-time="2019-05-23 09:38:09Z" duration="0.004364" asserts="2" />
          <test-case id="0-1039" name="TestGetUser_Success" fullname="ProjectManager.Test.UserControllerTest.TestGetUser_Success" methodname="TestGetUser_Success" classname="ProjectManager.Test.UserControllerTest" runstate="Runnable" seed="10946587" result="Passed" start-time="2019-05-23 09:38:09Z" end-time="2019-05-23 09:38:09Z" duration="0.011460" asserts="3" />
          <test-case id="0-1053" name="TestInsertUser_InvalidEmployeeId" fullname="ProjectManager.Test.UserControllerTest.TestInsertUser_InvalidEmployeeId" methodname="TestInsertUser_InvalidEmployeeId" classname="ProjectManager.Test.UserControllerTest" runstate="Runnable" seed="580961142" result="Passed" start-time="2019-05-23 09:38:09Z" end-time="2019-05-23 09:38:09Z" duration="0.006952" asserts="2" />
          <test-case id="0-1055" name="TestInsertUser_InvalidProjectIdFormat" fullname="ProjectManager.Test.UserControllerTest.TestInsertUser_InvalidProjectIdFormat" methodname="TestInsertUser_InvalidProjectIdFormat" classname="ProjectManager.Test.UserControllerTest" runstate="Runnable" seed="1715643320" result="Passed" start-time="2019-05-23 09:38:09Z" end-time="2019-05-23 09:38:09Z" duration="0.014702" asserts="2" />
          <test-case id="0-1054" name="TestInsertUser_NegativeEmployeeId" fullname="ProjectManager.Test.UserControllerTest.TestInsertUser_NegativeEmployeeId" methodname="TestInsertUser_NegativeEmployeeId" classname="ProjectManager.Test.UserControllerTest" runstate="Runnable" seed="548854399" result="Passed" start-time="2019-05-23 09:38:09Z" end-time="2019-05-23 09:38:09Z" duration="0.006777" asserts="2" />
          <test-case id="0-1052" name="TestInsertUser_UserNullException" fullname="ProjectManager.Test.UserControllerTest.TestInsertUser_UserNullException" methodname="TestInsertUser_UserNullException" classname="ProjectManager.Test.UserControllerTest" runstate="Runnable" seed="1607011919" result="Passed" start-time="2019-05-23 09:38:09Z" end-time="2019-05-23 09:38:09Z" duration="0.005100" asserts="2" />
          <test-case id="0-1048" name="TestUpdateUser_InvalidEmployeeId" fullname="ProjectManager.Test.UserControllerTest.TestUpdateUser_InvalidEmployeeId" methodname="TestUpdateUser_InvalidEmployeeId" classname="ProjectManager.Test.UserControllerTest" runstate="Runnable" seed="2017307509" result="Passed" start-time="2019-05-23 09:38:09Z" end-time="2019-05-23 09:38:09Z" duration="0.007102" asserts="2" />
          <test-case id="0-1050" name="TestUpdateUser_InvalidProjectIdFormat" fullname="ProjectManager.Test.UserControllerTest.TestUpdateUser_InvalidProjectIdFormat" methodname="TestUpdateUser_InvalidProjectIdFormat" classname="ProjectManager.Test.UserControllerTest" runstate="Runnable" seed="2098201037" result="Passed" start-time="2019-05-23 09:38:09Z" end-time="2019-05-23 09:38:09Z" duration="0.008060" asserts="2" />
          <test-case id="0-1049" name="TestUpdateUser_NegativeEmployeeId" fullname="ProjectManager.Test.UserControllerTest.TestUpdateUser_NegativeEmployeeId" methodname="TestUpdateUser_NegativeEmployeeId" classname="ProjectManager.Test.UserControllerTest" runstate="Runnable" seed="837106499" result="Passed" start-time="2019-05-23 09:38:09Z" end-time="2019-05-23 09:38:09Z" duration="0.004762" asserts="2" />
          <test-case id="0-1051" name="TestUpdateUser_NegativeUserIdFormat" fullname="ProjectManager.Test.UserControllerTest.TestUpdateUser_NegativeUserIdFormat" methodname="TestUpdateUser_NegativeUserIdFormat" classname="ProjectManager.Test.UserControllerTest" runstate="Runnable" seed="1854221191" result="Passed" start-time="2019-05-23 09:38:09Z" end-time="2019-05-23 09:38:09Z" duration="0.004829" asserts="2" />
          <test-case id="0-1040" name="TestUpdateUser_Success" fullname="ProjectManager.Test.UserControllerTest.TestUpdateUser_Success" methodname="TestUpdateUser_Success" classname="ProjectManager.Test.UserControllerTest" runstate="Runnable" seed="604304224" result="Passed" start-time="2019-05-23 09:38:09Z" end-time="2019-05-23 09:38:09Z" duration="0.011222" asserts="2" />
          <test-case id="0-1047" name="TestUpdateUser_UserNullException" fullname="ProjectManager.Test.UserControllerTest.TestUpdateUser_UserNullException" methodname="TestUpdateUser_UserNullException" classname="ProjectManager.Test.UserControllerTest" runstate="Runnable" seed="1473917506" result="Passed" start-time="2019-05-23 09:38:09Z" end-time="2019-05-23 09:38:09Z" duration="0.005353" asserts="2" />
        </test-suite>
      </test-suite>
    </test-suite>
  </test-suite>
</test-run>